#
# There is insufficient memory for the Java Runtime Environment to continue.
# Native memory allocation (malloc) failed to allocate 106692608 bytes for committing reserved memory.
# Possible reasons:
#   The system is out of physical RAM or swap space
#   In 32 bit mode, the process size limit was hit
# Possible solutions:
#   Reduce memory load on the system
#   Increase physical memory or swap space
#   Check if swap backing store is full
#   Use 64 bit Java on a 64 bit OS
#   Decrease Java heap size (-Xmx/-Xms)
#   Decrease number of Java threads
#   Decrease Java thread stack sizes (-Xss)
#   Set larger code cache with -XX:ReservedCodeCacheSize=
# This output file may be truncated or incomplete.
#
#  Out of Memory Error (os_linux.cpp:2769), pid=13238, tid=1782577984
#
# JRE version: OpenJDK Runtime Environment (7.0_55-b14) (build 1.7.0_55-b14)
# Java VM: OpenJDK Server VM (24.51-b03 mixed mode linux-x86 )
# Failed to write core dump. Core dumps have been disabled. To enable core dumping, try "ulimit -c unlimited" before starting Java again
#

---------------  T H R E A D  ---------------

Current thread (0x6a481000):  VMThread [stack: 0x6a37f000,0x6a400000] [id=13249]

Stack: [0x6a37f000,0x6a400000]
VM_Operation (0xb6579e28): ParallelGCFailedAllocation, mode: safepoint, requested by thread 0xb6407800


---------------  P R O C E S S  ---------------

Java Threads: ( => current thread )
  0x69b79c00 JavaThread "AWT-XAWT" daemon [_thread_blocked, id=13258, stack(0x687ff000,0x68850000)]
  0x69b55c00 JavaThread "Java2D Disposer" daemon [_thread_blocked, id=13257, stack(0x68850000,0x688a1000)]
  0x6a49c400 JavaThread "Service Thread" daemon [_thread_blocked, id=13255, stack(0x6a10d000,0x6a15e000)]
  0x6a49a800 JavaThread "C2 CompilerThread1" daemon [_thread_blocked, id=13254, stack(0x69cfe000,0x69d7f000)]
  0x6a498800 JavaThread "C2 CompilerThread0" daemon [_thread_blocked, id=13253, stack(0x69d7f000,0x69e00000)]
  0x6a497000 JavaThread "Signal Dispatcher" daemon [_thread_blocked, id=13252, stack(0x6a15e000,0x6a1af000)]
  0x6a485400 JavaThread "Finalizer" daemon [_thread_blocked, id=13251, stack(0x6a1af000,0x6a200000)]
  0x6a483c00 JavaThread "Reference Handler" daemon [_thread_blocked, id=13250, stack(0x6a32e000,0x6a37f000)]
  0xb6407800 JavaThread "main" [_thread_blocked, id=13244, stack(0xb652a000,0xb657b000)]

Other Threads:
=>0x6a481000 VMThread [stack: 0x6a37f000,0x6a400000] [id=13249]
  0x6a49e400 WatcherThread [stack: 0x69c7d000,0x69cfe000] [id=13256]

VM state:at safepoint (normal execution)

VM Mutex/Monitor currently owned by a thread:  ([mutex/lock_event])
[0xb6404b80] ExpandHeap_lock - owner thread: 0x6a481000
[0xb64050c8] Threads_lock - owner thread: 0x6a481000
[0xb64054d8] Heap_lock - owner thread: 0xb6407800

Heap
 PSYoungGen      total 144384K, used 42993K [0x9ea00000, 0xaf000000, 0xb32c0000)
  eden space 73472K, 0% used [0x9ea00000,0x9ea00000,0xa31c0000)
  from space 70912K, 60% used [0xa31c0000,0xa5bbc6c0,0xa7700000)
  to   space 90368K, 0% used [0xa97c0000,0xa97c0000,0xaf000000)
 ParOldGen       total 141824K, used 141732K [0x758c0000, 0x7e340000, 0x9ea00000)
  object space 141824K, 99% used [0x758c0000,0x7e329090,0x7e340000)
 PSPermGen       total 16384K, used 4899K [0x6d8c0000, 0x6e8c0000, 0x758c0000)
  object space 16384K, 29% used [0x6d8c0000,0x6dd88c88,0x6e8c0000)

Card table byte_map: [0x6d692000,0x6d8c0000] byte_map_base: 0x6d325a00

Polling page: 0xb770a000

Code Cache  [0xb339c000, 0xb35dc000, 0xb639c000)
 total_blobs=502 nmethods=306 adapters=149 free_code_cache=48030Kb largest_free_block=49155904

Compilation events (10 events):
Event: 3,487 Thread 0x6a49a800 nmethod 302 0xb34a8c48 code [0xb34a8d20, 0xb34a8d70]
Event: 3,487 Thread 0x6a49a800  303             javax.swing.ActionMap::getParent (5 bytes)
Event: 3,488 Thread 0x6a49a800 nmethod 303 0xb34b5208 code [0xb34b52e0, 0xb34b5330]
Event: 3,488 Thread 0x6a49a800  304             javax.swing.ActionMap::setParent (6 bytes)
Event: 3,488 Thread 0x6a49a800 nmethod 304 0xb34b5048 code [0xb34b5120, 0xb34b5170]
Event: 3,488 Thread 0x6a49a800  305             javax.swing.InputMap::<init> (5 bytes)
Event: 3,488 Thread 0x6a49a800 nmethod 305 0xb3406a08 code [0xb3406ae0, 0xb3406b30]
Event: 3,488 Thread 0x6a49a800  306             javax.swing.JComponent::setInputMap (112 bytes)
Event: 3,491 Thread 0x6a49a800 nmethod 306 0xb34065c8 code [0xb34066e0, 0xb3406870]
Event: 3,538 Thread 0x6a498800 nmethod 301% 0xb3484e88 code [0xb3485020, 0xb3485804]

GC Heap History (10 events):
Event: 5,319 GC heap after
Heap after GC invocations=7 (full 2):
 PSYoungGen      total 66048K, used 0K [0x9ea00000, 0xa7300000, 0xb32c0000)
  eden space 63488K, 0% used [0x9ea00000,0x9ea00000,0xa2800000)
  from space 2560K, 0% used [0xa2800000,0xa2800000,0xa2a80000)
  to   space 29952K, 0% used [0xa55c0000,0xa55c0000,0xa7300000)
 ParOldGen       total 141824K, used 62219K [0x758c0000, 0x7e340000, 0x9ea00000)
  object space 141824K, 43% used [0x758c0000,0x79582ca8,0x7e340000)
 PSPermGen       total 16384K, used 4899K [0x6d8c0000, 0x6e8c0000, 0x758c0000)
  object space 16384K, 29% used [0x6d8c0000,0x6dd88c88,0x6e8c0000)
}
Event: 6,103 GC heap before
{Heap before GC invocations=8 (full 2):
 PSYoungGen      total 66048K, used 63488K [0x9ea00000, 0xa7300000, 0xb32c0000)
  eden space 63488K, 100% used [0x9ea00000,0xa2800000,0xa2800000)
  from space 2560K, 0% used [0xa2800000,0xa2800000,0xa2a80000)
  to   space 29952K, 0% used [0xa55c0000,0xa55c0000,0xa7300000)
 ParOldGen       total 141824K, used 62219K [0x758c0000, 0x7e340000, 0x9ea00000)
  object space 141824K, 43% used [0x758c0000,0x79582ca8,0x7e340000)
 PSPermGen       total 16384K, used 4899K [0x6d8c0000, 0x6e8c0000, 0x758c0000)
  object space 16384K, 29% used [0x6d8c0000,0x6dd88c88,0x6e8c0000)
Event: 6,150 GC heap after
Heap after GC invocations=8 (full 2):
 PSYoungGen      total 101376K, used 28768K [0x9ea00000, 0xa7540000, 0xb32c0000)
  eden space 71424K, 0% used [0x9ea00000,0x9ea00000,0xa2fc0000)
  from space 29952K, 96% used [0xa55c0000,0xa71d8368,0xa7300000)
  to   space 35584K, 0% used [0xa2fc0000,0xa2fc0000,0xa5280000)
 ParOldGen       total 141824K, used 62219K [0x758c0000, 0x7e340000, 0x9ea00000)
  object space 141824K, 43% used [0x758c0000,0x79582ca8,0x7e340000)
 PSPermGen       total 16384K, used 4899K [0x6d8c0000, 0x6e8c0000, 0x758c0000)
  object space 16384K, 29% used [0x6d8c0000,0x6dd88c88,0x6e8c0000)
}
Event: 6,935 GC heap before
{Heap before GC invocations=9 (full 2):
 PSYoungGen      total 101376K, used 100192K [0x9ea00000, 0xa7540000, 0xb32c0000)
  eden space 71424K, 100% used [0x9ea00000,0xa2fc0000,0xa2fc0000)
  from space 29952K, 96% used [0xa55c0000,0xa71d8368,0xa7300000)
  to   space 35584K, 0% used [0xa2fc0000,0xa2fc0000,0xa5280000)
 ParOldGen       total 141824K, used 62219K [0x758c0000, 0x7e340000, 0x9ea00000)
  object space 141824K, 43% used [0x758c0000,0x79582ca8,0x7e340000)
 PSPermGen       total 16384K, used 4899K [0x6d8c0000, 0x6e8c0000, 0x758c0000)
  object space 16384K, 29% used [0x6d8c0000,0x6dd88c88,0x6e8c0000)
Event: 7,195 GC heap after
Heap after GC invocations=9 (full 2):
 PSYoungGen      total 107008K, used 35569K [0x9ea00000, 0xaad00000, 0xb32c0000)
  eden space 71424K, 0% used [0x9ea00000,0x9ea00000,0xa2fc0000)
  from space 35584K, 99% used [0xa2fc0000,0xa527c510,0xa5280000)
  to   space 55296K, 0% used [0xa7700000,0xa7700000,0xaad00000)
 ParOldGen       total 141824K, used 87399K [0x758c0000, 0x7e340000, 0x9ea00000)
  object space 141824K, 61% used [0x758c0000,0x7ae19ca8,0x7e340000)
 PSPermGen       total 16384K, used 4899K [0x6d8c0000, 0x6e8c0000, 0x758c0000)
  object space 16384K, 29% used [0x6d8c0000,0x6dd88c88,0x6e8c0000)
}
Event: 8,438 GC heap before
{Heap before GC invocations=10 (full 2):
 PSYoungGen      total 107008K, used 106993K [0x9ea00000, 0xaad00000, 0xb32c0000)
  eden space 71424K, 100% used [0x9ea00000,0xa2fc0000,0xa2fc0000)
  from space 35584K, 99% used [0xa2fc0000,0xa527c510,0xa5280000)
  to   space 55296K, 0% used [0xa7700000,0xa7700000,0xaad00000)
 ParOldGen       total 141824K, used 87399K [0x758c0000, 0x7e340000, 0x9ea00000)
  object space 141824K, 61% used [0x758c0000,0x7ae19ca8,0x7e340000)
 PSPermGen       total 16384K, used 4899K [0x6d8c0000, 0x6e8c0000, 0x758c0000)
  object space 16384K, 29% used [0x6d8c0000,0x6dd88c88,0x6e8c0000)
Event: 8,677 GC heap after
Heap after GC invocations=10 (full 2):
 PSYoungGen      total 128768K, used 55281K [0x9ea00000, 0xace00000, 0xb32c0000)
  eden space 73472K, 0% used [0x9ea00000,0x9ea00000,0xa31c0000)
  from space 55296K, 99% used [0xa7700000,0xaacfc510,0xaad00000)
  to   space 70912K, 0% used [0xa31c0000,0xa31c0000,0xa7700000)
 ParOldGen       total 141824K, used 99767K [0x758c0000, 0x7e340000, 0x9ea00000)
  object space 141824K, 70% used [0x758c0000,0x7ba2dca8,0x7e340000)
 PSPermGen       total 16384K, used 4899K [0x6d8c0000, 0x6e8c0000, 0x758c0000)
  object space 16384K, 29% used [0x6d8c0000,0x6dd88c88,0x6e8c0000)
}
Event: 12,906 GC heap before
{Heap before GC invocations=11 (full 2):
 PSYoungGen      total 128768K, used 128753K [0x9ea00000, 0xace00000, 0xb32c0000)
  eden space 73472K, 100% used [0x9ea00000,0xa31c0000,0xa31c0000)
  from space 55296K, 99% used [0xa7700000,0xaacfc510,0xaad00000)
  to   space 70912K, 0% used [0xa31c0000,0xa31c0000,0xa7700000)
 ParOldGen       total 141824K, used 99767K [0x758c0000, 0x7e340000, 0x9ea00000)
  object space 141824K, 70% used [0x758c0000,0x7ba2dca8,0x7e340000)
 PSPermGen       total 16384K, used 4899K [0x6d8c0000, 0x6e8c0000, 0x758c0000)
  object space 16384K, 29% used [0x6d8c0000,0x6dd88c88,0x6e8c0000)
Event: 13,873 GC heap after
Heap after GC invocations=11 (full 2):
 PSYoungGen      total 144384K, used 70905K [0x9ea00000, 0xaf000000, 0xb32c0000)
  eden space 73472K, 0% used [0x9ea00000,0x9ea00000,0xa31c0000)
  from space 70912K, 99% used [0xa31c0000,0xa76fe790,0xa7700000)
  to   space 90368K, 0% used [0xa97c0000,0xa97c0000,0xaf000000)
 ParOldGen       total 141824K, used 117051K [0x758c0000, 0x7e340000, 0x9ea00000)
  object space 141824K, 82% used [0x758c0000,0x7cb0eca8,0x7e340000)
 PSPermGen       total 16384K, used 4899K [0x6d8c0000, 0x6e8c0000, 0x758c0000)
  object space 16384K, 29% used [0x6d8c0000,0x6dd88c88,0x6e8c0000)
}
Event: 13,874 GC heap before
{Heap before GC invocations=12 (full 3):
 PSYoungGen      total 144384K, used 70905K [0x9ea00000, 0xaf000000, 0xb32c0000)
  eden space 73472K, 0% used [0x9ea00000,0x9ea00000,0xa31c0000)
  from space 70912K, 99% used [0xa31c0000,0xa76fe790,0xa7700000)
  to   space 90368K, 0% used [0xa97c0000,0xa97c0000,0xaf000000)
 ParOldGen       total 141824K, used 117051K [0x758c0000, 0x7e340000, 0x9ea00000)
  object space 141824K, 82% used [0x758c0000,0x7cb0eca8,0x7e340000)
 PSPermGen       total 16384K, used 4899K [0x6d8c0000, 0x6e8c0000, 0x758c0000)
  object space 16384K, 29% used [0x6d8c0000,0x6dd88c88,0x6e8c0000)

Deoptimization events (0 events):
No events

Internal exceptions (10 events):
Event: 0,146 Thread 0xb6407800 Threw 0x9ea6ea30 at /build/buildd/openjdk-7-7u55-2.4.7/build/openjdk/hotspot/src/share/vm/prims/jvm.cpp:1244
Event: 0,146 Thread 0xb6407800 Threw 0x9ea6eb48 at /build/buildd/openjdk-7-7u55-2.4.7/build/openjdk/hotspot/src/share/vm/prims/jvm.cpp:1244
Event: 0,146 Thread 0xb6407800 Threw 0x9ea6f4b8 at /build/buildd/openjdk-7-7u55-2.4.7/build/openjdk/hotspot/src/share/vm/prims/jvm.cpp:1244
Event: 0,146 Thread 0xb6407800 Threw 0x9ea6f5d0 at /build/buildd/openjdk-7-7u55-2.4.7/build/openjdk/hotspot/src/share/vm/prims/jvm.cpp:1244
Event: 0,160 Thread 0xb6407800 Threw 0x9ea77008 at /build/buildd/openjdk-7-7u55-2.4.7/build/openjdk/hotspot/src/share/vm/prims/jni.cpp:717
Event: 0,193 Thread 0xb6407800 Threw 0x9ea93b60 at /build/buildd/openjdk-7-7u55-2.4.7/build/openjdk/hotspot/src/share/vm/classfile/systemDictionary.cpp:185
Event: 0,268 Thread 0xb6407800 Threw 0x9eb586d0 at /build/buildd/openjdk-7-7u55-2.4.7/build/openjdk/hotspot/src/share/vm/prims/jvm.cpp:1244
Event: 0,268 Thread 0xb6407800 Threw 0x9eb59788 at /build/buildd/openjdk-7-7u55-2.4.7/build/openjdk/hotspot/src/share/vm/prims/jvm.cpp:1244
Event: 0,270 Thread 0xb6407800 Threw 0x9eb600b0 at /build/buildd/openjdk-7-7u55-2.4.7/build/openjdk/hotspot/src/share/vm/prims/jvm.cpp:1244
Event: 0,270 Thread 0xb6407800 Threw 0x9eb61168 at /build/buildd/openjdk-7-7u55-2.4.7/build/openjdk/hotspot/src/share/vm/prims/jvm.cpp:1244

Events (10 events):
Event: 4,115 Executing VM operation: ParallelGCFailedAllocation done
Event: 4,736 Executing VM operation: ParallelGCFailedAllocation
Event: 5,319 Executing VM operation: ParallelGCFailedAllocation done
Event: 6,103 Executing VM operation: ParallelGCFailedAllocation
Event: 6,150 Executing VM operation: ParallelGCFailedAllocation done
Event: 6,935 Executing VM operation: ParallelGCFailedAllocation
Event: 7,195 Executing VM operation: ParallelGCFailedAllocation done
Event: 8,438 Executing VM operation: ParallelGCFailedAllocation
Event: 8,677 Executing VM operation: ParallelGCFailedAllocation done
Event: 12,292 Executing VM operation: ParallelGCFailedAllocation


Dynamic libraries:
08048000-08049000 r-xp 00000000 08:03 791336     /usr/lib/jvm/java-7-openjdk-i386/jre/bin/java
08049000-0804a000 r--p 00000000 08:03 791336     /usr/lib/jvm/java-7-openjdk-i386/jre/bin/java
0804a000-0804b000 rw-p 00001000 08:03 791336     /usr/lib/jvm/java-7-openjdk-i386/jre/bin/java
09487000-09512000 rw-p 00000000 00:00 0          [heap]
67400000-675e1000 rw-p 00000000 00:00 0 
675e1000-67600000 ---p 00000000 00:00 0 
67600000-676f1000 rw-p 00000000 00:00 0 
676f1000-67700000 ---p 00000000 00:00 0 
67700000-677f5000 rw-p 00000000 00:00 0 
677f5000-67800000 ---p 00000000 00:00 0 
67800000-67900000 rw-p 00000000 00:00 0 
67a00000-67afa000 rw-p 00000000 00:00 0 
67afa000-67b00000 ---p 00000000 00:00 0 
67c00000-67cef000 rw-p 00000000 00:00 0 
67cef000-67d00000 ---p 00000000 00:00 0 
67e00000-67ee1000 rw-p 00000000 00:00 0 
67ee1000-67f00000 ---p 00000000 00:00 0 
67f00000-67ff7000 rw-p 00000000 00:00 0 
67ff7000-68000000 ---p 00000000 00:00 0 
68000000-680f5000 rw-p 00000000 00:00 0 
680f5000-68100000 ---p 00000000 00:00 0 
68100000-681f0000 rw-p 00000000 00:00 0 
681f0000-68200000 ---p 00000000 00:00 0 
68200000-68300000 rw-p 00000000 00:00 0 
68300000-683ff000 rw-p 00000000 00:00 0 
683ff000-68400000 ---p 00000000 00:00 0 
68400000-684fe000 rw-p 00000000 00:00 0 
684fe000-68500000 ---p 00000000 00:00 0 
68500000-685fa000 rw-p 00000000 00:00 0 
685fa000-68600000 ---p 00000000 00:00 0 
68600000-686fa000 rw-p 00000000 00:00 0 
686fa000-68700000 ---p 00000000 00:00 0 
687ff000-68802000 ---p 00000000 00:00 0 
68802000-68850000 rw-p 00000000 00:00 0          [stack:13258]
68850000-68853000 ---p 00000000 00:00 0 
68853000-688a1000 rw-p 00000000 00:00 0          [stack:13257]
688a1000-688c3000 r--p 00000000 08:03 1316674    /usr/share/locale-langpack/pt_BR/LC_MESSAGES/libc.mo
688c3000-688c6000 r-xp 00000000 08:03 655101     /lib/i386-linux-gnu/libgpg-error.so.0.10.0
688c6000-688c7000 r--p 00002000 08:03 655101     /lib/i386-linux-gnu/libgpg-error.so.0.10.0
688c7000-688c8000 rw-p 00003000 08:03 655101     /lib/i386-linux-gnu/libgpg-error.so.0.10.0
688c8000-688ca000 r-xp 00000000 08:03 655111     /lib/i386-linux-gnu/libkeyutils.so.1.4
688ca000-688cb000 r--p 00002000 08:03 655111     /lib/i386-linux-gnu/libkeyutils.so.1.4
688cb000-688cc000 rw-p 00003000 08:03 655111     /lib/i386-linux-gnu/libkeyutils.so.1.4
688cc000-688e6000 r-xp 00000000 08:03 918069     /usr/lib/i386-linux-gnu/libgraphite2.so.3.0.1
688e6000-688e7000 r--p 00019000 08:03 918069     /usr/lib/i386-linux-gnu/libgraphite2.so.3.0.1
688e7000-688e8000 rw-p 0001a000 08:03 918069     /usr/lib/i386-linux-gnu/libgraphite2.so.3.0.1
688e8000-68931000 r-xp 00000000 08:03 654192     /lib/i386-linux-gnu/libdbus-1.so.3.7.6
68931000-68932000 r--p 00048000 08:03 654192     /lib/i386-linux-gnu/libdbus-1.so.3.7.6
68932000-68933000 rw-p 00049000 08:03 654192     /lib/i386-linux-gnu/libdbus-1.so.3.7.6
68933000-6896a000 r-xp 00000000 08:03 918367     /usr/lib/i386-linux-gnu/libp11-kit.so.0.0.0
6896a000-6896b000 ---p 00037000 08:03 918367     /usr/lib/i386-linux-gnu/libp11-kit.so.0.0.0
6896b000-6896e000 r--p 00037000 08:03 918367     /usr/lib/i386-linux-gnu/libp11-kit.so.0.0.0
6896e000-6896f000 rw-p 0003a000 08:03 918367     /usr/lib/i386-linux-gnu/libp11-kit.so.0.0.0
6896f000-68981000 r-xp 00000000 08:03 915976     /usr/lib/i386-linux-gnu/libtasn1.so.6.2.0
68981000-68982000 r--p 00011000 08:03 915976     /usr/lib/i386-linux-gnu/libtasn1.so.6.2.0
68982000-68983000 rw-p 00012000 08:03 915976     /usr/lib/i386-linux-gnu/libtasn1.so.6.2.0
68983000-68a05000 r-xp 00000000 08:03 655097     /lib/i386-linux-gnu/libgcrypt.so.11.8.2
68a05000-68a06000 r--p 00081000 08:03 655097     /lib/i386-linux-gnu/libgcrypt.so.11.8.2
68a06000-68a08000 rw-p 00082000 08:03 655097     /lib/i386-linux-gnu/libgcrypt.so.11.8.2
68a08000-68a09000 rw-p 00000000 00:00 0 
68a09000-68a13000 r-xp 00000000 08:03 918247     /usr/lib/i386-linux-gnu/libkrb5support.so.0.1
68a13000-68a14000 r--p 00009000 08:03 918247     /usr/lib/i386-linux-gnu/libkrb5support.so.0.1
68a14000-68a15000 rw-p 0000a000 08:03 918247     /usr/lib/i386-linux-gnu/libkrb5support.so.0.1
68a15000-68a18000 r-xp 00000000 08:03 655077     /lib/i386-linux-gnu/libcom_err.so.2.1
68a18000-68a19000 r--p 00002000 08:03 655077     /lib/i386-linux-gnu/libcom_err.so.2.1
68a19000-68a1a000 rw-p 00003000 08:03 655077     /lib/i386-linux-gnu/libcom_err.so.2.1
68a1a000-68a48000 r-xp 00000000 08:03 919285     /usr/lib/i386-linux-gnu/libk5crypto.so.3.1
68a48000-68a49000 r--p 0002d000 08:03 919285     /usr/lib/i386-linux-gnu/libk5crypto.so.3.1
68a49000-68a4a000 rw-p 0002e000 08:03 919285     /usr/lib/i386-linux-gnu/libk5crypto.so.3.1
68a4a000-68b01000 r-xp 00000000 08:03 918077     /usr/lib/i386-linux-gnu/libkrb5.so.3.3
68b01000-68b07000 r--p 000b7000 08:03 918077     /usr/lib/i386-linux-gnu/libkrb5.so.3.3
68b07000-68b08000 rw-p 000bd000 08:03 918077     /usr/lib/i386-linux-gnu/libkrb5.so.3.3
68b08000-68b0f000 r-xp 00000000 08:03 917843     /usr/lib/i386-linux-gnu/libdatrie.so.1.3.1
68b0f000-68b10000 r--p 00006000 08:03 917843     /usr/lib/i386-linux-gnu/libdatrie.so.1.3.1
68b10000-68b11000 rw-p 00007000 08:03 917843     /usr/lib/i386-linux-gnu/libdatrie.so.1.3.1
68b11000-68b65000 r-xp 00000000 08:03 918182     /usr/lib/i386-linux-gnu/libharfbuzz.so.0.927.0
68b65000-68b66000 r--p 00054000 08:03 918182     /usr/lib/i386-linux-gnu/libharfbuzz.so.0.927.0
68b66000-68b67000 rw-p 00055000 08:03 918182     /usr/lib/i386-linux-gnu/libharfbuzz.so.0.927.0
68b67000-68b6f000 r-xp 00000000 08:03 918690     /usr/lib/i386-linux-gnu/libxcb-render.so.0.0.0
68b6f000-68b70000 r--p 00008000 08:03 918690     /usr/lib/i386-linux-gnu/libxcb-render.so.0.0.0
68b70000-68b71000 rw-p 00009000 08:03 918690     /usr/lib/i386-linux-gnu/libxcb-render.so.0.0.0
68b71000-68b73000 r-xp 00000000 08:03 918694     /usr/lib/i386-linux-gnu/libxcb-shm.so.0.0.0
68b73000-68b74000 r--p 00001000 08:03 918694     /usr/lib/i386-linux-gnu/libxcb-shm.so.0.0.0
68b74000-68b75000 rw-p 00002000 08:03 918694     /usr/lib/i386-linux-gnu/libxcb-shm.so.0.0.0
68b75000-68b9b000 r-xp 00000000 08:03 655183     /lib/i386-linux-gnu/libpng12.so.0.50.0
68b9b000-68b9c000 r--p 00025000 08:03 655183     /lib/i386-linux-gnu/libpng12.so.0.50.0
68b9c000-68b9d000 rw-p 00026000 08:03 655183     /lib/i386-linux-gnu/libpng12.so.0.50.0
68b9d000-68c41000 r-xp 00000000 08:03 918398     /usr/lib/i386-linux-gnu/libpixman-1.so.0.30.2
68c41000-68c46000 r--p 000a4000 08:03 918398     /usr/lib/i386-linux-gnu/libpixman-1.so.0.30.2
68c46000-68c47000 rw-p 000a9000 08:03 918398     /usr/lib/i386-linux-gnu/libpixman-1.so.0.30.2
68c47000-68c4c000 r-xp 00000000 08:03 917651     /usr/lib/i386-linux-gnu/libXdmcp.so.6.0.0
68c4c000-68c4d000 r--p 00004000 08:03 917651     /usr/lib/i386-linux-gnu/libXdmcp.so.6.0.0
68c4d000-68c4e000 rw-p 00005000 08:03 917651     /usr/lib/i386-linux-gnu/libXdmcp.so.6.0.0
68c4e000-68c50000 r-xp 00000000 08:03 917640     /usr/lib/i386-linux-gnu/libXau.so.6.0.0
68c50000-68c51000 r--p 00001000 08:03 917640     /usr/lib/i386-linux-gnu/libXau.so.6.0.0
68c51000-68c52000 rw-p 00002000 08:03 917640     /usr/lib/i386-linux-gnu/libXau.so.6.0.0
68c52000-68c62000 r-xp 00000000 08:03 917744     /usr/lib/i386-linux-gnu/libavahi-client.so.3.2.9
68c62000-68c63000 r--p 0000f000 08:03 917744     /usr/lib/i386-linux-gnu/libavahi-client.so.3.2.9
68c63000-68c64000 rw-p 00010000 08:03 917744     /usr/lib/i386-linux-gnu/libavahi-client.so.3.2.9
68c64000-68c70000 r-xp 00000000 08:03 917746     /usr/lib/i386-linux-gnu/libavahi-common.so.3.5.3
68c70000-68c71000 r--p 0000b000 08:03 917746     /usr/lib/i386-linux-gnu/libavahi-common.so.3.5.3
68c71000-68c72000 rw-p 0000c000 08:03 917746     /usr/lib/i386-linux-gnu/libavahi-common.so.3.5.3
68c72000-68d33000 r-xp 00000000 08:03 918044     /usr/lib/i386-linux-gnu/libgnutls.so.26.22.6
68d33000-68d37000 r--p 000c0000 08:03 918044     /usr/lib/i386-linux-gnu/libgnutls.so.26.22.6
68d37000-68d38000 rw-p 000c4000 08:03 918044     /usr/lib/i386-linux-gnu/libgnutls.so.26.22.6
68d38000-68d7b000 r-xp 00000000 08:03 918243     /usr/lib/i386-linux-gnu/libgssapi_krb5.so.2.2
68d7b000-68d7c000 r--p 00042000 08:03 918243     /usr/lib/i386-linux-gnu/libgssapi_krb5.so.2.2
68d7c000-68d7d000 rw-p 00043000 08:03 918243     /usr/lib/i386-linux-gnu/libgssapi_krb5.so.2.2
68d7d000-68db9000 r-xp 00000000 08:03 655171     /lib/i386-linux-gnu/libpcre.so.3.13.1
68db9000-68dba000 r--p 0003b000 08:03 655171     /lib/i386-linux-gnu/libpcre.so.3.13.1
68dba000-68dbb000 rw-p 0003c000 08:03 655171     /lib/i386-linux-gnu/libpcre.so.3.13.1
68dbb000-68dc0000 r-xp 00000000 08:03 917918     /usr/lib/i386-linux-gnu/libffi.so.6.0.1
68dc0000-68dc1000 r--p 00005000 08:03 917918     /usr/lib/i386-linux-gnu/libffi.so.6.0.1
68dc1000-68dc2000 rw-p 00006000 08:03 917918     /usr/lib/i386-linux-gnu/libffi.so.6.0.1
68dc2000-68de7000 r-xp 00000000 08:03 655090     /lib/i386-linux-gnu/libexpat.so.1.6.0
68de7000-68de8000 ---p 00025000 08:03 655090     /lib/i386-linux-gnu/libexpat.so.1.6.0
68de8000-68dea000 r--p 00025000 08:03 655090     /lib/i386-linux-gnu/libexpat.so.1.6.0
68dea000-68deb000 rw-p 00027000 08:03 655090     /lib/i386-linux-gnu/libexpat.so.1.6.0
68deb000-68e85000 r-xp 00000000 08:03 918042     /usr/lib/i386-linux-gnu/libfreetype.so.6.11.1
68e85000-68e86000 ---p 0009a000 08:03 918042     /usr/lib/i386-linux-gnu/libfreetype.so.6.11.1
68e86000-68e8a000 r--p 0009a000 08:03 918042     /usr/lib/i386-linux-gnu/libfreetype.so.6.11.1
68e8a000-68e8b000 rw-p 0009e000 08:03 918042     /usr/lib/i386-linux-gnu/libfreetype.so.6.11.1
68e8b000-68e93000 r-xp 00000000 08:03 918566     /usr/lib/i386-linux-gnu/libthai.so.0.2.0
68e93000-68e94000 r--p 00007000 08:03 918566     /usr/lib/i386-linux-gnu/libthai.so.0.2.0
68e94000-68e95000 rw-p 00008000 08:03 918566     /usr/lib/i386-linux-gnu/libthai.so.0.2.0
68e95000-68ea8000 r-xp 00000000 08:03 679704     /lib/i386-linux-gnu/libresolv-2.19.so
68ea8000-68ea9000 ---p 00013000 08:03 679704     /lib/i386-linux-gnu/libresolv-2.19.so
68ea9000-68eaa000 r--p 00013000 08:03 679704     /lib/i386-linux-gnu/libresolv-2.19.so
68eaa000-68eab000 rw-p 00014000 08:03 679704     /lib/i386-linux-gnu/libresolv-2.19.so
68eab000-68ead000 rw-p 00000000 00:00 0 
68ead000-68ecd000 r-xp 00000000 08:03 655301     /lib/i386-linux-gnu/libselinux.so.1
68ecd000-68ece000 r--p 0001f000 08:03 655301     /lib/i386-linux-gnu/libselinux.so.1
68ece000-68ecf000 rw-p 00020000 08:03 655301     /lib/i386-linux-gnu/libselinux.so.1
68ecf000-68ed0000 rw-p 00000000 00:00 0 
68ed0000-68ed9000 r-xp 00000000 08:03 917647     /usr/lib/i386-linux-gnu/libXcursor.so.1.0.2
68ed9000-68eda000 r--p 00008000 08:03 917647     /usr/lib/i386-linux-gnu/libXcursor.so.1.0.2
68eda000-68edb000 rw-p 00009000 08:03 917647     /usr/lib/i386-linux-gnu/libXcursor.so.1.0.2
68edb000-68ee4000 r-xp 00000000 08:03 917673     /usr/lib/i386-linux-gnu/libXrandr.so.2.2.0
68ee4000-68ee5000 r--p 00008000 08:03 917673     /usr/lib/i386-linux-gnu/libXrandr.so.2.2.0
68ee5000-68ee6000 rw-p 00009000 08:03 917673     /usr/lib/i386-linux-gnu/libXrandr.so.2.2.0
68ee6000-68efa000 r-xp 00000000 08:03 918379     /usr/lib/i386-linux-gnu/libpangoft2-1.0.so.0.3600.3
68efa000-68efb000 r--p 00013000 08:03 918379     /usr/lib/i386-linux-gnu/libpangoft2-1.0.so.0.3600.3
68efb000-68efc000 rw-p 00014000 08:03 918379     /usr/lib/i386-linux-gnu/libpangoft2-1.0.so.0.3600.3
68efc000-6901b000 r-xp 00000000 08:03 917771     /usr/lib/i386-linux-gnu/libcairo.so.2.11301.0
6901b000-6901d000 r--p 0011e000 08:03 917771     /usr/lib/i386-linux-gnu/libcairo.so.2.11301.0
6901d000-6901e000 rw-p 00120000 08:03 917771     /usr/lib/i386-linux-gnu/libcairo.so.2.11301.0
6901e000-6901f000 rw-p 00000000 00:00 0 
6901f000-69086000 r-xp 00000000 08:03 915958     /usr/lib/i386-linux-gnu/libcups.so.2
69086000-69087000 ---p 00067000 08:03 915958     /usr/lib/i386-linux-gnu/libcups.so.2
69087000-6908b000 r--p 00067000 08:03 915958     /usr/lib/i386-linux-gnu/libcups.so.2
6908b000-6908c000 rw-p 0006b000 08:03 915958     /usr/lib/i386-linux-gnu/libcups.so.2
6908c000-69196000 r-xp 00000000 08:03 655099     /lib/i386-linux-gnu/libglib-2.0.so.0.4000.0
69196000-69197000 r--p 00109000 08:03 655099     /lib/i386-linux-gnu/libglib-2.0.so.0.4000.0
69197000-69198000 rw-p 0010a000 08:03 655099     /lib/i386-linux-gnu/libglib-2.0.so.0.4000.0
69198000-691e8000 r-xp 00000000 08:03 918051     /usr/lib/i386-linux-gnu/libgobject-2.0.so.0.4000.0
691e8000-691e9000 r--p 0004f000 08:03 918051     /usr/lib/i386-linux-gnu/libgobject-2.0.so.0.4000.0
691e9000-691ea000 rw-p 00050000 08:03 918051     /usr/lib/i386-linux-gnu/libgobject-2.0.so.0.4000.0
691ea000-69223000 r-xp 00000000 08:03 917707     /usr/lib/i386-linux-gnu/libfontconfig.so.1.8.0
69223000-69224000 r--p 00039000 08:03 917707     /usr/lib/i386-linux-gnu/libfontconfig.so.1.8.0
69224000-69225000 rw-p 0003a000 08:03 917707     /usr/lib/i386-linux-gnu/libfontconfig.so.1.8.0
69225000-6926f000 r-xp 00000000 08:03 918375     /usr/lib/i386-linux-gnu/libpango-1.0.so.0.3600.3
6926f000-69270000 ---p 0004a000 08:03 918375     /usr/lib/i386-linux-gnu/libpango-1.0.so.0.3600.3
69270000-69271000 r--p 0004a000 08:03 918375     /usr/lib/i386-linux-gnu/libpango-1.0.so.0.3600.3
69271000-69272000 rw-p 0004b000 08:03 918375     /usr/lib/i386-linux-gnu/libpango-1.0.so.0.3600.3
69272000-693ef000 r-xp 00000000 08:03 918021     /usr/lib/i386-linux-gnu/libgio-2.0.so.0.4000.0
693ef000-693f1000 r--p 0017c000 08:03 918021     /usr/lib/i386-linux-gnu/libgio-2.0.so.0.4000.0
693f1000-693f2000 rw-p 0017e000 08:03 918021     /usr/lib/i386-linux-gnu/libgio-2.0.so.0.4000.0
693f2000-693f3000 rw-p 00000000 00:00 0 
693f3000-6949e000 r-xp 00000000 08:03 927374     /usr/lib/i386-linux-gnu/libgdk-x11-2.0.so.0.2400.23
6949e000-6949f000 ---p 000ab000 08:03 927374     /usr/lib/i386-linux-gnu/libgdk-x11-2.0.so.0.2400.23
6949f000-694a1000 r--p 000ab000 08:03 927374     /usr/lib/i386-linux-gnu/libgdk-x11-2.0.so.0.2400.23
694a1000-694a2000 rw-p 000ad000 08:03 927374     /usr/lib/i386-linux-gnu/libgdk-x11-2.0.so.0.2400.23
694a2000-69909000 r-xp 00000000 08:03 927393     /usr/lib/i386-linux-gnu/libgtk-x11-2.0.so.0.2400.23
69909000-6990d000 r--p 00466000 08:03 927393     /usr/lib/i386-linux-gnu/libgtk-x11-2.0.so.0.2400.23
6990d000-6990f000 rw-p 0046a000 08:03 927393     /usr/lib/i386-linux-gnu/libgtk-x11-2.0.so.0.2400.23
6990f000-69911000 rw-p 00000000 00:00 0 
69911000-69a41000 r-xp 00000000 08:03 917636     /usr/lib/i386-linux-gnu/libX11.so.6.3.0
69a41000-69a42000 r--p 00130000 08:03 917636     /usr/lib/i386-linux-gnu/libX11.so.6.3.0
69a42000-69a44000 rw-p 00131000 08:03 917636     /usr/lib/i386-linux-gnu/libX11.so.6.3.0
69a44000-69a45000 rw-p 00000000 00:00 0 
69a45000-69ad4000 r-xp 00000000 08:03 791321     /usr/lib/jvm/java-7-openjdk-i386/jre/lib/i386/libawt.so
69ad4000-69ad5000 r--p 0008e000 08:03 791321     /usr/lib/jvm/java-7-openjdk-i386/jre/lib/i386/libawt.so
69ad5000-69adc000 rw-p 0008f000 08:03 791321     /usr/lib/jvm/java-7-openjdk-i386/jre/lib/i386/libawt.so
69adc000-69b00000 rw-p 00000000 00:00 0 
69b00000-69be4000 rw-p 00000000 00:00 0 
69be4000-69c00000 ---p 00000000 00:00 0 
69c03000-69c05000 r-xp 00000000 08:03 917649     /usr/lib/i386-linux-gnu/libXdamage.so.1.1.0
69c05000-69c06000 r--p 00001000 08:03 917649     /usr/lib/i386-linux-gnu/libXdamage.so.1.1.0
69c06000-69c07000 rw-p 00002000 08:03 917649     /usr/lib/i386-linux-gnu/libXdamage.so.1.1.0
69c07000-69c25000 r-xp 00000000 08:03 917732     /usr/lib/i386-linux-gnu/libatk-1.0.so.0.21009.1
69c25000-69c27000 r--p 0001d000 08:03 917732     /usr/lib/i386-linux-gnu/libatk-1.0.so.0.21009.1
69c27000-69c28000 rw-p 0001f000 08:03 917732     /usr/lib/i386-linux-gnu/libatk-1.0.so.0.21009.1
69c28000-69c79000 r-xp 00000000 08:03 791232     /usr/lib/jvm/java-7-openjdk-i386/jre/lib/i386/xawt/libmawt.so
69c79000-69c7a000 r--p 00050000 08:03 791232     /usr/lib/jvm/java-7-openjdk-i386/jre/lib/i386/xawt/libmawt.so
69c7a000-69c7c000 rw-p 00051000 08:03 791232     /usr/lib/jvm/java-7-openjdk-i386/jre/lib/i386/xawt/libmawt.so
69c7c000-69c7d000 rw-p 00000000 00:00 0 
69c7d000-69c7e000 ---p 00000000 00:00 0 
69c7e000-69cfe000 rw-p 00000000 00:00 0          [stack:13256]
69cfe000-69d01000 ---p 00000000 00:00 0 
69d01000-69d7f000 rw-p 00000000 00:00 0          [stack:13254]
69d7f000-69d82000 ---p 00000000 00:00 0 
69d82000-69e00000 rw-p 00000000 00:00 0          [stack:13253]
69e00000-6a000000 r--p 00000000 08:03 922286     /usr/lib/locale/locale-archive
6a000000-6a021000 rw-p 00000000 00:00 0 
6a021000-6a100000 ---p 00000000 00:00 0 
6a100000-6a10b000 r-xp 00000000 08:03 918377     /usr/lib/i386-linux-gnu/libpangocairo-1.0.so.0.3600.3
6a10b000-6a10c000 r--p 0000a000 08:03 918377     /usr/lib/i386-linux-gnu/libpangocairo-1.0.so.0.3600.3
6a10c000-6a10d000 rw-p 0000b000 08:03 918377     /usr/lib/i386-linux-gnu/libpangocairo-1.0.so.0.3600.3
6a10d000-6a110000 ---p 00000000 00:00 0 
6a110000-6a15e000 rw-p 00000000 00:00 0          [stack:13255]
6a15e000-6a161000 ---p 00000000 00:00 0 
6a161000-6a1af000 rw-p 00000000 00:00 0          [stack:13252]
6a1af000-6a1b2000 ---p 00000000 00:00 0 
6a1b2000-6a200000 rw-p 00000000 00:00 0          [stack:13251]
6a200000-6a2fc000 rw-p 00000000 00:00 0 
6a2fc000-6a300000 ---p 00000000 00:00 0 
6a302000-6a304000 r-xp 00000000 08:03 917645     /usr/lib/i386-linux-gnu/libXcomposite.so.1.0.0
6a304000-6a305000 r--p 00001000 08:03 917645     /usr/lib/i386-linux-gnu/libXcomposite.so.1.0.0
6a305000-6a306000 rw-p 00002000 08:03 917645     /usr/lib/i386-linux-gnu/libXcomposite.so.1.0.0
6a306000-6a30a000 r-xp 00000000 08:03 917655     /usr/lib/i386-linux-gnu/libXfixes.so.3.1.0
6a30a000-6a30b000 r--p 00003000 08:03 917655     /usr/lib/i386-linux-gnu/libXfixes.so.3.1.0
6a30b000-6a30c000 rw-p 00004000 08:03 917655     /usr/lib/i386-linux-gnu/libXfixes.so.3.1.0
6a30c000-6a32c000 r-xp 00000000 08:03 918704     /usr/lib/i386-linux-gnu/libxcb.so.1.1.0
6a32c000-6a32d000 r--p 0001f000 08:03 918704     /usr/lib/i386-linux-gnu/libxcb.so.1.1.0
6a32d000-6a32e000 rw-p 00020000 08:03 918704     /usr/lib/i386-linux-gnu/libxcb.so.1.1.0
6a32e000-6a331000 ---p 00000000 00:00 0 
6a331000-6a37f000 rw-p 00000000 00:00 0          [stack:13250]
6a37f000-6a380000 ---p 00000000 00:00 0 
6a380000-6a400000 rw-p 00000000 00:00 0          [stack:13249]
6a400000-6a4fe000 rw-p 00000000 00:00 0 
6a4fe000-6a500000 ---p 00000000 00:00 0 
6a500000-6a502000 r-xp 00000000 08:03 917663     /usr/lib/i386-linux-gnu/libXinerama.so.1.0.0
6a502000-6a503000 r--p 00001000 08:03 917663     /usr/lib/i386-linux-gnu/libXinerama.so.1.0.0
6a503000-6a504000 rw-p 00002000 08:03 917663     /usr/lib/i386-linux-gnu/libXinerama.so.1.0.0
6a504000-6a525000 r-xp 00000000 08:03 917997     /usr/lib/i386-linux-gnu/libgdk_pixbuf-2.0.so.0.3000.7
6a525000-6a526000 r--p 00020000 08:03 917997     /usr/lib/i386-linux-gnu/libgdk_pixbuf-2.0.so.0.3000.7
6a526000-6a527000 rw-p 00021000 08:03 917997     /usr/lib/i386-linux-gnu/libgdk_pixbuf-2.0.so.0.3000.7
6a527000-6a6d6000 r--s 01cfb000 08:03 791275     /usr/lib/jvm/java-7-openjdk-i386/jre/lib/rt.jar
6a6d6000-6ce00000 rw-p 00000000 00:00 0 
6ce00000-6cef9000 rw-p 00000000 00:00 0 
6cef9000-6cf00000 ---p 00000000 00:00 0 
6cf02000-6cf05000 r-xp 00000000 08:03 918035     /usr/lib/i386-linux-gnu/libgmodule-2.0.so.0.4000.0
6cf05000-6cf06000 r--p 00002000 08:03 918035     /usr/lib/i386-linux-gnu/libgmodule-2.0.so.0.4000.0
6cf06000-6cf07000 rw-p 00003000 08:03 918035     /usr/lib/i386-linux-gnu/libgmodule-2.0.so.0.4000.0
6cf07000-6cf16000 r-xp 00000000 08:03 917661     /usr/lib/i386-linux-gnu/libXi.so.6.1.0
6cf16000-6cf17000 r--p 0000e000 08:03 917661     /usr/lib/i386-linux-gnu/libXi.so.6.1.0
6cf17000-6cf18000 rw-p 0000f000 08:03 917661     /usr/lib/i386-linux-gnu/libXi.so.6.1.0
6cf18000-6cf21000 r-xp 00000000 08:03 917675     /usr/lib/i386-linux-gnu/libXrender.so.1.3.0
6cf21000-6cf22000 r--p 00008000 08:03 917675     /usr/lib/i386-linux-gnu/libXrender.so.1.3.0
6cf22000-6cf23000 rw-p 00009000 08:03 917675     /usr/lib/i386-linux-gnu/libXrender.so.1.3.0
6cf23000-6cf34000 r-xp 00000000 08:03 917653     /usr/lib/i386-linux-gnu/libXext.so.6.4.0
6cf34000-6cf35000 r--p 00010000 08:03 917653     /usr/lib/i386-linux-gnu/libXext.so.6.4.0
6cf35000-6cf36000 rw-p 00011000 08:03 917653     /usr/lib/i386-linux-gnu/libXext.so.6.4.0
6cf36000-6cf7f000 rw-p 00000000 00:00 0 
6cf7f000-6cf80000 ---p 00000000 00:00 0 
6cf80000-6d000000 rw-p 00000000 00:00 0          [stack:13248]
6d000000-6d021000 rw-p 00000000 00:00 0 
6d021000-6d100000 ---p 00000000 00:00 0 
6d100000-6d121000 rw-p 00000000 00:00 0 
6d121000-6d200000 ---p 00000000 00:00 0 
6d209000-6d212000 r--s 000b9000 08:03 791287     /usr/lib/jvm/java-7-openjdk-i386/jre/lib/resources.jar
6d212000-6d219000 r--s 00000000 08:03 916185     /usr/lib/i386-linux-gnu/gconv/gconv-modules.cache
6d219000-6d224000 r--s 00203000 08:03 791267     /usr/lib/jvm/java-7-openjdk-i386/jre/lib/charsets.jar
6d224000-6d27f000 rw-p 00000000 00:00 0 
6d27f000-6d280000 ---p 00000000 00:00 0 
6d280000-6d300000 rw-p 00000000 00:00 0          [stack:13247]
6d300000-6d321000 rw-p 00000000 00:00 0 
6d321000-6d400000 ---p 00000000 00:00 0 
6d400000-6d405000 r-xp 00000000 08:03 917681     /usr/lib/i386-linux-gnu/libXtst.so.6.1.0
6d405000-6d406000 r--p 00004000 08:03 917681     /usr/lib/i386-linux-gnu/libXtst.so.6.1.0
6d406000-6d407000 rw-p 00005000 08:03 917681     /usr/lib/i386-linux-gnu/libXtst.so.6.1.0
6d407000-6d408000 ---p 00000000 00:00 0 
6d408000-6d488000 rw-p 00000000 00:00 0          [stack:13246]
6d488000-6d489000 ---p 00000000 00:00 0 
6d489000-6d511000 rw-p 00000000 00:00 0          [stack:13245]
6d511000-6d549000 rw-p 00000000 00:00 0 
6d549000-6d58f000 rw-p 00000000 00:00 0 
6d58f000-6d692000 rw-p 00000000 00:00 0 
6d692000-6d69a000 rw-p 00000000 00:00 0 
6d69a000-6d6d2000 rw-p 00000000 00:00 0 
6d6d2000-6d718000 rw-p 00000000 00:00 0 
6d718000-6d81a000 rw-p 00000000 00:00 0 
6d81a000-6d89e000 rw-p 00000000 00:00 0 
6d89e000-6d8bf000 rw-p 00000000 00:00 0 
6d8bf000-6e8c0000 rw-p 00000000 00:00 0 
6e8c0000-758c0000 rw-p 00000000 00:00 0 
758c0000-7e340000 rw-p 00000000 00:00 0 
84900000-9ea00000 rw-p 00000000 00:00 0 
9ea00000-af000000 rw-p 00000000 00:00 0 
af000000-b32c0000 rw-p 00000000 00:00 0 
b32c1000-b32e5000 rw-p 00000000 00:00 0 
b32e5000-b339c000 rw-p 00000000 00:00 0 
b339c000-b35dc000 rwxp 00000000 00:00 0 
b35dc000-b639c000 rw-p 00000000 00:00 0 
b639c000-b63a7000 r-xp 00000000 08:03 679710     /lib/i386-linux-gnu/libnss_files-2.19.so
b63a7000-b63a8000 r--p 0000a000 08:03 679710     /lib/i386-linux-gnu/libnss_files-2.19.so
b63a8000-b63a9000 rw-p 0000b000 08:03 679710     /lib/i386-linux-gnu/libnss_files-2.19.so
b63a9000-b63b3000 r-xp 00000000 08:03 679714     /lib/i386-linux-gnu/libnss_nis-2.19.so
b63b3000-b63b4000 r--p 00009000 08:03 679714     /lib/i386-linux-gnu/libnss_nis-2.19.so
b63b4000-b63b5000 rw-p 0000a000 08:03 679714     /lib/i386-linux-gnu/libnss_nis-2.19.so
b63b5000-b63ca000 r-xp 00000000 08:03 679723     /lib/i386-linux-gnu/libnsl-2.19.so
b63ca000-b63cb000 r--p 00015000 08:03 679723     /lib/i386-linux-gnu/libnsl-2.19.so
b63cb000-b63cc000 rw-p 00016000 08:03 679723     /lib/i386-linux-gnu/libnsl-2.19.so
b63cc000-b63ce000 rw-p 00000000 00:00 0 
b63ce000-b63d5000 r-xp 00000000 08:03 679709     /lib/i386-linux-gnu/libnss_compat-2.19.so
b63d5000-b63d6000 r--p 00006000 08:03 679709     /lib/i386-linux-gnu/libnss_compat-2.19.so
b63d6000-b63d7000 rw-p 00007000 08:03 679709     /lib/i386-linux-gnu/libnss_compat-2.19.so
b63d7000-b63fe000 r-xp 00000000 08:03 791296     /usr/lib/jvm/java-7-openjdk-i386/jre/lib/i386/libjava.so
b63fe000-b63ff000 r--p 00026000 08:03 791296     /usr/lib/jvm/java-7-openjdk-i386/jre/lib/i386/libjava.so
b63ff000-b6400000 rw-p 00027000 08:03 791296     /usr/lib/jvm/java-7-openjdk-i386/jre/lib/i386/libjava.so
b6400000-b64ff000 rw-p 00000000 00:00 0 
b64ff000-b6500000 ---p 00000000 00:00 0 
b6500000-b6501000 r-xp 00000000 08:03 918158     /usr/lib/i386-linux-gnu/libgthread-2.0.so.0.4000.0
b6501000-b6502000 r--p 00000000 08:03 918158     /usr/lib/i386-linux-gnu/libgthread-2.0.so.0.4000.0
b6502000-b6503000 rw-p 00001000 08:03 918158     /usr/lib/i386-linux-gnu/libgthread-2.0.so.0.4000.0
b6503000-b6506000 r--s 0000f000 08:03 791270     /usr/lib/jvm/java-7-openjdk-i386/jre/lib/ext/pulse-java.jar
b6506000-b6508000 r--s 00012000 08:03 791273     /usr/lib/jvm/java-7-openjdk-i386/jre/lib/ext/zipfs.jar
b6508000-b650c000 r--s 00085000 08:03 791272     /usr/lib/jvm/java-7-openjdk-i386/jre/lib/ext/localedata.jar
b650c000-b650f000 r--s 00032000 08:03 791269     /usr/lib/jvm/java-7-openjdk-i386/jre/lib/ext/sunjce_provider.jar
b650f000-b6517000 r-xp 00000000 08:03 791314     /usr/lib/jvm/java-7-openjdk-i386/jre/lib/i386/libzip.so
b6517000-b6518000 r--p 00007000 08:03 791314     /usr/lib/jvm/java-7-openjdk-i386/jre/lib/i386/libzip.so
b6518000-b6519000 rw-p 00008000 08:03 791314     /usr/lib/jvm/java-7-openjdk-i386/jre/lib/i386/libzip.so
b6519000-b6521000 rw-s 00000000 08:03 1969805    /tmp/hsperfdata_tiago/13238
b6521000-b6528000 r-xp 00000000 08:03 679706     /lib/i386-linux-gnu/librt-2.19.so
b6528000-b6529000 r--p 00006000 08:03 679706     /lib/i386-linux-gnu/librt-2.19.so
b6529000-b652a000 rw-p 00007000 08:03 679706     /lib/i386-linux-gnu/librt-2.19.so
b652a000-b652d000 ---p 00000000 00:00 0 
b652d000-b657b000 rw-p 00000000 00:00 0          [stack:13244]
b657b000-b6597000 r-xp 00000000 08:03 655095     /lib/i386-linux-gnu/libgcc_s.so.1
b6597000-b6598000 rw-p 0001b000 08:03 655095     /lib/i386-linux-gnu/libgcc_s.so.1
b6598000-b65dc000 r-xp 00000000 08:03 679724     /lib/i386-linux-gnu/libm-2.19.so
b65dc000-b65dd000 r--p 00043000 08:03 679724     /lib/i386-linux-gnu/libm-2.19.so
b65dd000-b65de000 rw-p 00044000 08:03 679724     /lib/i386-linux-gnu/libm-2.19.so
b65de000-b66ba000 r-xp 00000000 08:03 918544     /usr/lib/i386-linux-gnu/libstdc++.so.6.0.19
b66ba000-b66bb000 ---p 000dc000 08:03 918544     /usr/lib/i386-linux-gnu/libstdc++.so.6.0.19
b66bb000-b66bf000 r--p 000dc000 08:03 918544     /usr/lib/i386-linux-gnu/libstdc++.so.6.0.19
b66bf000-b66c0000 rw-p 000e0000 08:03 918544     /usr/lib/i386-linux-gnu/libstdc++.so.6.0.19
b66c0000-b66c7000 rw-p 00000000 00:00 0 
b66c7000-b7093000 r-xp 00000000 08:03 791291     /usr/lib/jvm/java-7-openjdk-i386/jre/lib/i386/server/libjvm.so
b7093000-b7094000 ---p 009cc000 08:03 791291     /usr/lib/jvm/java-7-openjdk-i386/jre/lib/i386/server/libjvm.so
b7094000-b70e5000 r--p 009cc000 08:03 791291     /usr/lib/jvm/java-7-openjdk-i386/jre/lib/i386/server/libjvm.so
b70e5000-b70f9000 rw-p 00a1d000 08:03 791291     /usr/lib/jvm/java-7-openjdk-i386/jre/lib/i386/server/libjvm.so
b70f9000-b7517000 rw-p 00000000 00:00 0 
b7517000-b752f000 r-xp 00000000 08:03 655231     /lib/i386-linux-gnu/libz.so.1.2.8
b752f000-b7530000 r--p 00017000 08:03 655231     /lib/i386-linux-gnu/libz.so.1.2.8
b7530000-b7531000 rw-p 00018000 08:03 655231     /lib/i386-linux-gnu/libz.so.1.2.8
b7531000-b7549000 r-xp 00000000 08:03 679713     /lib/i386-linux-gnu/libpthread-2.19.so
b7549000-b754a000 r--p 00017000 08:03 679713     /lib/i386-linux-gnu/libpthread-2.19.so
b754a000-b754b000 rw-p 00018000 08:03 679713     /lib/i386-linux-gnu/libpthread-2.19.so
b754b000-b754d000 rw-p 00000000 00:00 0 
b754d000-b7550000 r-xp 00000000 08:03 679717     /lib/i386-linux-gnu/libdl-2.19.so
b7550000-b7551000 r--p 00002000 08:03 679717     /lib/i386-linux-gnu/libdl-2.19.so
b7551000-b7552000 rw-p 00003000 08:03 679717     /lib/i386-linux-gnu/libdl-2.19.so
b7552000-b76fb000 r-xp 00000000 08:03 679711     /lib/i386-linux-gnu/libc-2.19.so
b76fb000-b76fc000 ---p 001a9000 08:03 679711     /lib/i386-linux-gnu/libc-2.19.so
b76fc000-b76fe000 r--p 001a9000 08:03 679711     /lib/i386-linux-gnu/libc-2.19.so
b76fe000-b76ff000 rw-p 001ab000 08:03 679711     /lib/i386-linux-gnu/libc-2.19.so
b76ff000-b7702000 rw-p 00000000 00:00 0 
b7702000-b7703000 r--s 00002000 08:03 791268     /usr/lib/jvm/java-7-openjdk-i386/jre/lib/ext/dnsns.jar
b7703000-b7705000 r--s 00006000 08:03 1191767    /usr/share/java/java-atk-wrapper.jar
b7705000-b7709000 r--s 0003b000 08:03 791271     /usr/lib/jvm/java-7-openjdk-i386/jre/lib/ext/sunpkcs11.jar
b7709000-b770a000 rw-p 00000000 00:00 0 
b770a000-b770b000 ---p 00000000 00:00 0 
b770b000-b7719000 r-xp 00000000 08:03 791306     /usr/lib/jvm/java-7-openjdk-i386/jre/lib/i386/libverify.so
b7719000-b771a000 r--p 0000d000 08:03 791306     /usr/lib/jvm/java-7-openjdk-i386/jre/lib/i386/libverify.so
b771a000-b771b000 rw-p 0000e000 08:03 791306     /usr/lib/jvm/java-7-openjdk-i386/jre/lib/i386/libverify.so
b771b000-b7727000 r-xp 00000000 08:03 791297     /usr/lib/jvm/java-7-openjdk-i386/jre/lib/i386/jli/libjli.so
b7727000-b7728000 r--p 0000c000 08:03 791297     /usr/lib/jvm/java-7-openjdk-i386/jre/lib/i386/jli/libjli.so
b7728000-b7729000 rw-p 0000d000 08:03 791297     /usr/lib/jvm/java-7-openjdk-i386/jre/lib/i386/jli/libjli.so
b7729000-b772c000 rw-p 00000000 00:00 0 
b772c000-b772d000 r-xp 00000000 00:00 0          [vdso]
b772d000-b774d000 r-xp 00000000 08:03 679726     /lib/i386-linux-gnu/ld-2.19.so
b774d000-b774e000 r--p 0001f000 08:03 679726     /lib/i386-linux-gnu/ld-2.19.so
b774e000-b774f000 rw-p 00020000 08:03 679726     /lib/i386-linux-gnu/ld-2.19.so
bfa9d000-bfabe000 rw-p 00000000 00:00 0          [stack]

VM Arguments:
jvm_args: -Dfile.encoding=UTF-8 
java_command: br.pucrs.alpro2.calculadora.Main
Launcher Type: SUN_STANDARD

Environment Variables:
PATH=/usr/local/sbin:/usr/local/bin:/usr/sbin:/usr/bin:/sbin:/bin:/usr/games:/usr/local/games
LD_LIBRARY_PATH=/usr/lib/jvm/java-7-openjdk-i386/jre/lib/i386/server:/usr/lib/jvm/java-7-openjdk-i386/jre/lib/i386:/usr/lib/jvm/java-7-openjdk-i386/jre/../lib/i386:/usr/lib/jvm/java-7-openjdk-i386/jre/lib/i386/client:/usr/lib/jvm/java-7-openjdk-i386/jre/lib/i386:
SHELL=/bin/bash
DISPLAY=:0.0

Signal Handlers:
SIGSEGV: [libjvm.so+0x7eebf0], sa_mask[0]=0x7ffbfeff, sa_flags=0x10000004
SIGBUS: [libjvm.so+0x7eebf0], sa_mask[0]=0x7ffbfeff, sa_flags=0x10000004
SIGFPE: [libjvm.so+0x66c6a0], sa_mask[0]=0x7ffbfeff, sa_flags=0x10000004
SIGPIPE: [libjvm.so+0x66c6a0], sa_mask[0]=0x7ffbfeff, sa_flags=0x10000004
SIGXFSZ: [libjvm.so+0x66c6a0], sa_mask[0]=0x7ffbfeff, sa_flags=0x10000004
SIGILL: [libjvm.so+0x66c6a0], sa_mask[0]=0x7ffbfeff, sa_flags=0x10000004
SIGUSR1: SIG_DFL, sa_mask[0]=0x00000000, sa_flags=0x00000000
SIGUSR2: [libjvm.so+0x66c530], sa_mask[0]=0x00000004, sa_flags=0x10000004
SIGHUP: [libjvm.so+0x66c760], sa_mask[0]=0x7ffbfeff, sa_flags=0x10000004
SIGINT: [libjvm.so+0x66c760], sa_mask[0]=0x7ffbfeff, sa_flags=0x10000004
SIGTERM: [libjvm.so+0x66c760], sa_mask[0]=0x7ffbfeff, sa_flags=0x10000004
SIGQUIT: [libjvm.so+0x66c760], sa_mask[0]=0x7ffbfeff, sa_flags=0x10000004


---------------  S Y S T E M  ---------------

OS:Ubuntu 14.04 (trusty)
uname:Linux 3.13.0-34-generic #60-Ubuntu SMP Wed Aug 13 15:49:09 UTC 2014 i686
libc:glibc 2.19 NPTL 2.19 
rlimit: STACK 8192k, CORE 0k, NPROC 31351, NOFILE 4096, AS infinity
load average:15,06 4,21 1,88

/proc/meminfo:
MemTotal:        4032128 kB
MemFree:          243216 kB
Buffers:            4900 kB
Cached:           475968 kB
SwapCached:            0 kB
Active:          3211108 kB
Inactive:         462080 kB
Active(anon):    3195240 kB
Inactive(anon):   435340 kB
Active(file):      15868 kB
Inactive(file):    26740 kB
Unevictable:         288 kB
Mlocked:             288 kB
HighTotal:       3185176 kB
HighFree:          58940 kB
LowTotal:         846952 kB
LowFree:          184276 kB
SwapTotal:             0 kB
SwapFree:              0 kB
Dirty:               120 kB
Writeback:             0 kB
AnonPages:       3192868 kB
Mapped:           156284 kB
Shmem:            438000 kB
Slab:              47900 kB
SReclaimable:      21948 kB
SUnreclaim:        25952 kB
KernelStack:        5600 kB
PageTables:        23120 kB
NFS_Unstable:          0 kB
Bounce:             1612 kB
WritebackTmp:          0 kB
CommitLimit:     2016064 kB
Committed_AS:    8589172 kB
VmallocTotal:     122880 kB
VmallocUsed:       16748 kB
VmallocChunk:      89268 kB
HardwareCorrupted:     0 kB
AnonHugePages:   1228800 kB
HugePages_Total:       0
HugePages_Free:        0
HugePages_Rsvd:        0
HugePages_Surp:        0
Hugepagesize:       2048 kB
DirectMap4k:       47096 kB
DirectMap2M:      864256 kB


CPU:total 4 (2 cores per cpu, 2 threads per core) family 6 model 42 stepping 7, cmov, cx8, fxsr, mmx, sse, sse2, sse3, ssse3, sse4.1, sse4.2, popcnt, avx, ht, tsc, tscinvbit

/proc/cpuinfo:
processor	: 0
vendor_id	: GenuineIntel
cpu family	: 6
model		: 42
model name	: Intel(R) Core(TM) i3-2330M CPU @ 2.20GHz
stepping	: 7
microcode	: 0x23
cpu MHz		: 2200.000
cache size	: 3072 KB
physical id	: 0
siblings	: 4
core id		: 0
cpu cores	: 2
apicid		: 0
initial apicid	: 0
fdiv_bug	: no
f00f_bug	: no
coma_bug	: no
fpu		: yes
fpu_exception	: yes
cpuid level	: 13
wp		: yes
flags		: fpu vme de pse tsc msr pae mce cx8 apic sep mtrr pge mca cmov pat pse36 clflush dts acpi mmx fxsr sse sse2 ss ht tm pbe nx rdtscp lm constant_tsc arch_perfmon pebs bts xtopology nonstop_tsc aperfmperf eagerfpu pni pclmulqdq dtes64 monitor ds_cpl vmx est tm2 ssse3 cx16 xtpr pdcm pcid sse4_1 sse4_2 x2apic popcnt tsc_deadline_timer xsave avx lahf_lm arat epb xsaveopt pln pts dtherm tpr_shadow vnmi flexpriority ept vpid
bogomips	: 4389.93
clflush size	: 64
cache_alignment	: 64
address sizes	: 36 bits physical, 48 bits virtual
power management:

processor	: 1
vendor_id	: GenuineIntel
cpu family	: 6
model		: 42
model name	: Intel(R) Core(TM) i3-2330M CPU @ 2.20GHz
stepping	: 7
microcode	: 0x23
cpu MHz		: 2200.000
cache size	: 3072 KB
physical id	: 0
siblings	: 4
core id		: 1
cpu cores	: 2
apicid		: 2
initial apicid	: 2
fdiv_bug	: no
f00f_bug	: no
coma_bug	: no
fpu		: yes
fpu_exception	: yes
cpuid level	: 13
wp		: yes
flags		: fpu vme de pse tsc msr pae mce cx8 apic sep mtrr pge mca cmov pat pse36 clflush dts acpi mmx fxsr sse sse2 ss ht tm pbe nx rdtscp lm constant_tsc arch_perfmon pebs bts xtopology nonstop_tsc aperfmperf eagerfpu pni pclmulqdq dtes64 monitor ds_cpl vmx est tm2 ssse3 cx16 xtpr pdcm pcid sse4_1 sse4_2 x2apic popcnt tsc_deadline_timer xsave avx lahf_lm arat epb xsaveopt pln pts dtherm tpr_shadow vnmi flexpriority ept vpid
bogomips	: 4389.93
clflush size	: 64
cache_alignment	: 64
address sizes	: 36 bits physical, 48 bits virtual
power management:

processor	: 2
vendor_id	: GenuineIntel
cpu family	: 6
model		: 42
model name	: Intel(R) Core(TM) i3-2330M CPU @ 2.20GHz
stepping	: 7
microcode	: 0x23
cpu MHz		: 2000.000
cache size	: 3072 KB
physical id	: 0
siblings	: 4
core id		: 0
cpu cores	: 2
apicid		: 1
initial apicid	: 1
fdiv_bug	: no
f00f_bug	: no
coma_bug	: no
fpu		: yes
fpu_exception	: yes
cpuid level	: 13
wp		: yes
flags		: fpu vme de pse tsc msr pae mce cx8 apic sep mtrr pge mca cmov pat pse36 clflush dts acpi mmx fxsr sse sse2 ss ht tm pbe nx rdtscp lm constant_tsc arch_perfmon pebs bts xtopology nonstop_tsc aperfmperf eagerfpu pni pclmulqdq dtes64 monitor ds_cpl vmx est tm2 ssse3 cx16 xtpr pdcm pcid sse4_1 sse4_2 x2apic popcnt tsc_deadline_timer xsave avx lahf_lm arat epb xsaveopt pln pts dtherm tpr_shadow vnmi flexpriority ept vpid
bogomips	: 4389.93
clflush size	: 64
cache_alignment	: 64
address sizes	: 36 bits physical, 48 bits virtual
power management:

processor	: 3
vendor_id	: GenuineIntel
cpu family	: 6
model		: 42
model name	: Intel(R) Core(TM) i3-2330M CPU @ 2.20GHz
stepping	: 7
microcode	: 0x23
cpu MHz		: 2200.000
cache size	: 3072 KB
physical id	: 0
siblings	: 4
core id		: 1
cpu cores	: 2
apicid		: 3
initial apicid	: 3
fdiv_bug	: no
f00f_bug	: no
coma_bug	: no
fpu		: yes
fpu_exception	: yes
cpuid level	: 13
wp		: yes
flags		: fpu vme de pse tsc msr pae mce cx8 apic sep mtrr pge mca cmov pat pse36 clflush dts acpi mmx fxsr sse sse2 ss ht tm pbe nx rdtscp lm constant_tsc arch_perfmon pebs bts xtopology nonstop_tsc aperfmperf eagerfpu pni pclmulqdq dtes64 monitor ds_cpl vmx est tm2 ssse3 cx16 xtpr pdcm pcid sse4_1 sse4_2 x2apic popcnt tsc_deadline_timer xsave avx lahf_lm arat epb xsaveopt pln pts dtherm tpr_shadow vnmi flexpriority ept vpid
bogomips	: 4389.93
clflush size	: 64
cache_alignment	: 64
address sizes	: 36 bits physical, 48 bits virtual
power management:



Memory: 4k page, physical 4032128k(241328k free), swap 0k(0k free)

vm_info: OpenJDK Server VM (24.51-b03) for linux-x86 JRE (1.7.0_55-b14), built on Apr 17 2014 20:10:15 by "buildd" with gcc 4.8.2

time: Mon Aug 18 21:32:56 2014
elapsed time: 48 seconds

